#
# A fatal error has been detected by the Java Runtime Environment:
#
#  EXCEPTION_ACCESS_VIOLATION (0xc0000005) at pc=0x6162757e, pid=1408, tid=0x00002438
#
# JRE version: Java(TM) SE Runtime Environment (8.0_191-b12) (build 1.8.0_191-b12)
# Java VM: Java HotSpot(TM) Client VM (25.191-b12 mixed mode windows-x86 )
# Problematic frame:
# V  [jvm.dll+0xe757e]
#
# Failed to write core dump. Minidumps are not enabled by default on client versions of Windows
#
# If you would like to submit a bug report, please visit:
#   http://bugreport.java.com/bugreport/crash.jsp
#

---------------  T H R E A D  ---------------

Current thread (0x26a0e800):  JavaThread "EventThread COM5" [_thread_in_vm, id=9272, stack(0x01070000,0x010c0000)]

siginfo: ExceptionCode=0xc0000005, reading address 0x00000000

Registers:
EAX=0x00000000, EBX=0x2762a6e8, ECX=0x26a0e800, EDX=0x0000009f
ESP=0x010af74c, EBP=0x010af768, ESI=0x00000000, EDI=0x26a0e800
EIP=0x6162757e, EFLAGS=0x00010246

Top of Stack: (sp=0x010af74c)
0x010af74c:   010af784 26a0e940 2762a6e8 26a0e800
0x010af75c:   27ac72d4 0000009f 61825568 010bf7c8
0x010af76c:   6400183d 26a0e940 00000000 00000000
0x010af77c:   00010000 010af784 300a0d30 0d300a0d
0x010af78c:   0a0d300a 300a0d30 0d300a0d 0a0d300a
0x010af79c:   300a0d30 0d300a0d 0a0d300a 300a0d30
0x010af7ac:   0d300a0d 0a0d300a 300a0d30 0d300a0d
0x010af7bc:   0a0d300a 300a0d30 0d300a0d 0a0d300a 

Instructions: (pc=0x6162757e)
0x6162755e:   c4 08 83 7f 04 00 89 7d f0 c7 45 f4 00 00 00 00
0x6162756e:   74 08 8d 4d f0 e8 e8 34 0c 00 8b 75 10 8b 45 0c
0x6162757e:   8b 10 85 f6 78 32 8b 45 14 85 c0 78 2b 8d 0c 06
0x6162758e:   3b 4a 08 77 23 85 c0 7e 3b 8b 4a 04 8b 49 04 83 


Register to memory mapping:

EAX=0x00000000 is an unknown value
EBX=0x2762a6e8 is an unknown value
ECX=0x26a0e800 is a thread
EDX=0x0000009f is an unknown value
ESP=0x010af74c is pointing into the stack for thread: 0x26a0e800
EBP=0x010af768 is pointing into the stack for thread: 0x26a0e800
ESI=0x00000000 is an unknown value
EDI=0x26a0e800 is a thread


Stack: [0x01070000,0x010c0000],  sp=0x010af74c,  free space=253k
Native frames: (J=compiled Java code, j=interpreted, Vv=VM code, C=native code)
V  [jvm.dll+0xe757e]
C  [jSSC-2.8_x86.dll+0x183d]
J 6383  jssc.SerialNativeInterface.readBytes(JI)[B (0 bytes) @ 0x02e24ce5 [0x02e24c50+0x95]
J 12766 C1 jssc.SerialPort$EventThread.run()V (84 bytes) @ 0x02e82c30 [0x02e829c0+0x270]
v  ~StubRoutines::call_stub
V  [jvm.dll+0x15c315]
V  [jvm.dll+0x223ece]
V  [jvm.dll+0x15c3ae]
V  [jvm.dll+0x15c536]
V  [jvm.dll+0x15c5a7]
V  [jvm.dll+0x1002ef]
V  [jvm.dll+0x17f550]
V  [jvm.dll+0x17fdca]
V  [jvm.dll+0x1c57a6]
C  [msvcr100.dll+0x5c556]
C  [msvcr100.dll+0x5c600]
C  [KERNEL32.DLL+0x1fa29]
C  [ntdll.dll+0x675f4]
C  [ntdll.dll+0x675c4]
C  0x00000000

Java frames: (J=compiled Java code, j=interpreted, Vv=VM code)
J 6383  jssc.SerialNativeInterface.readBytes(JI)[B (0 bytes) @ 0x02e24ca1 [0x02e24c50+0x51]
J 12766 C1 jssc.SerialPort$EventThread.run()V (84 bytes) @ 0x02e82c30 [0x02e829c0+0x270]
v  ~StubRoutines::call_stub

---------------  P R O C E S S  ---------------

Java Threads: ( => current thread )
=>0x26a0e800 JavaThread "EventThread COM5" [_thread_in_vm, id=9272, stack(0x01070000,0x010c0000)]
  0x26a0dc00 JavaThread "DestroyJavaVM" [_thread_blocked, id=4296, stack(0x02ac0000,0x02b10000)]
  0x26a0f400 JavaThread "TimerQueue" daemon [_thread_blocked, id=1044, stack(0x2ac90000,0x2ace0000)]
  0x27daa000 JavaThread "AWT-EventQueue-0" [_thread_blocked, id=5928, stack(0x2a250000,0x2a2a0000)]
  0x27da9800 JavaThread "AWT-Shutdown" [_thread_blocked, id=7364, stack(0x2a1c0000,0x2a210000)]
  0x27dab000 JavaThread "Batik CleanerThread" daemon [_thread_blocked, id=11340, stack(0x28ec0000,0x28f10000)]
  0x27da8c00 JavaThread "JmDNS(DESKTOP-MO2S5Q0.local.).State.Timer" [_thread_blocked, id=7464, stack(0x28d70000,0x28dc0000)]
  0x27dab800 JavaThread "JmDNS(DESKTOP-MO2S5Q0.local.).Timer" daemon [_thread_blocked, id=3204, stack(0x28ce0000,0x28d30000)]
  0x27daac00 JavaThread "SocketListener(DESKTOP-MO2S5Q0.local.)" daemon [_thread_blocked, id=5908, stack(0x28c50000,0x28ca0000)]
  0x27da8400 JavaThread "JmDNS(DESKTOP-MO2S5Q0.local.).State.Timer" [_thread_blocked, id=11728, stack(0x28bc0000,0x28c10000)]
  0x27daa400 JavaThread "JmDNS(DESKTOP-MO2S5Q0.local.).Timer" daemon [_thread_blocked, id=9472, stack(0x28b30000,0x28b80000)]
  0x27dac000 JavaThread "SocketListener(DESKTOP-MO2S5Q0.local.)" daemon [_thread_in_native, id=3548, stack(0x27860000,0x278b0000)]
  0x27eed400 JavaThread "JmDNS(DESKTOP-MO2S5Q0.local.).State.Timer" [_thread_blocked, id=11076, stack(0x27270000,0x272c0000)]
  0x27eecc00 JavaThread "JmDNS(DESKTOP-MO2S5Q0.local.).Timer" daemon [_thread_blocked, id=844, stack(0x271e0000,0x27230000)]
  0x27eea400 JavaThread "SocketListener(DESKTOP-MO2S5Q0.local.)" daemon [_thread_blocked, id=1328, stack(0x27150000,0x271a0000)]
  0x268cb400 JavaThread "Multihomed mDNS.Timer" daemon [_thread_blocked, id=9412, stack(0x26f30000,0x26f80000)]
  0x27dc3000 JavaThread "cc.arduino.packages.discoverers.serial.SerialDiscovery" [_thread_blocked, id=10408, stack(0x289a0000,0x289f0000)]
  0x26a4f800 JavaThread "AWT-Windows" daemon [_thread_blocked, id=7736, stack(0x26fc0000,0x27010000)]
  0x26a4e800 JavaThread "Java2D Disposer" daemon [_thread_blocked, id=12712, stack(0x26ea0000,0x26ef0000)]
  0x26204000 JavaThread "Service Thread" daemon [_thread_blocked, id=824, stack(0x266c0000,0x26710000)]
  0x2620f400 JavaThread "C1 CompilerThread0" daemon [_thread_blocked, id=12076, stack(0x26630000,0x26680000)]
  0x2620d800 JavaThread "Attach Listener" daemon [_thread_blocked, id=1280, stack(0x265a0000,0x265f0000)]
  0x26209800 JavaThread "Signal Dispatcher" daemon [_thread_blocked, id=12692, stack(0x26510000,0x26560000)]
  0x261eb400 JavaThread "Finalizer" daemon [_thread_blocked, id=6328, stack(0x25610000,0x25660000)]
  0x261e5800 JavaThread "Reference Handler" daemon [_thread_blocked, id=5480, stack(0x25580000,0x255d0000)]

Other Threads:
  0x261d0400 VMThread [stack: 0x254f0000,0x25540000] [id=5904]
  0x26207400 WatcherThread [stack: 0x26750000,0x267a0000] [id=5688]

VM state:synchronizing (normal execution)

VM Mutex/Monitor currently owned by a thread:  ([mutex/lock_event])
[0x011fdf90] Threads_lock - owner thread: 0x261d0400
[0x011fdf28] Heap_lock - owner thread: 0x27daac00

Heap:
 def new generation   total 157248K, used 157248K [0x04e00000, 0x0f8a0000, 0x0f8a0000)
  eden space 139776K, 100% used [0x04e00000, 0x0d680000, 0x0d680000)
  from space 17472K, 100% used [0x0e790000, 0x0f8a0000, 0x0f8a0000)
  to   space 17472K,   0% used [0x0d680000, 0x0d680000, 0x0e790000)
 tenured generation   total 349568K, used 349567K [0x0f8a0000, 0x24e00000, 0x24e00000)
   the space 349568K,  99% used [0x0f8a0000, 0x24dffff8, 0x24e00000, 0x24e00000)
 Metaspace       used 25760K, capacity 26306K, committed 26368K, reserved 27008K

Card table byte_map: [0x24e00000,0x24f10000] byte_map_base: 0x24dd9000

Polling page: 0x011e0000

CodeCache: size=32768Kb used=3508Kb max_used=4455Kb free=29259Kb
 bounds [0x02d50000, 0x031b0000, 0x04d50000]
 total_blobs=2209 nmethods=1909 adapters=228
 compilation: enabled

Compilation events (10 events):
Event: 14707.982 Thread 0x2620f400 nmethod 28037 0x02df4148 code [0x02df4240, 0x02df4300]
Event: 14707.984 Thread 0x2620f400 28038             javax.jmdns.impl.constants.DNSRecordType::typeForIndex (55 bytes)
Event: 14707.985 Thread 0x2620f400 nmethod 28038 0x02f35c08 code [0x02f35d30, 0x02f35ee8]
Event: 14714.746 Thread 0x2620f400 28039             java.util.LinkedList::add (7 bytes)
Event: 14714.746 Thread 0x2620f400 nmethod 28039 0x02f921c8 code [0x02f922c0, 0x02f9234c]
Event: 14719.729 Thread 0x2620f400 28040             javax.jmdns.impl.JmDNSImpl::getServices (5 bytes)
Event: 14719.729 Thread 0x2620f400 nmethod 28040 0x02e2d548 code [0x02e2d640, 0x02e2d6c0]
Event: 14721.246 Thread 0x2620f400 28041             sun.util.locale.provider.RuleBasedBreakIterator::readTables (413 bytes)
Event: 14722.871 Thread 0x2620f400 nmethod 28041 0x02edb148 code [0x02edb340, 0x02edbecc]
Event: 14727.906 Thread 0x2620f400 28042   !         sun.net.www.ParseUtil::decode (316 bytes)

GC Heap History (10 events):
Event: 14733.861 GC heap before
{Heap before GC invocations=147 (full 51):
 def new generation   total 157248K, used 157247K [0x04e00000, 0x0f8a0000, 0x0f8a0000)
  eden space 139776K, 100% used [0x04e00000, 0x0d680000, 0x0d680000)
  from space 17472K,  99% used [0x0e790000, 0x0f89ff10, 0x0f8a0000)
  to   space 17472K,   0% used [0x0d680000, 0x0d680000, 0x0e790000)
 tenured generation   total 349568K, used 349567K [0x0f8a0000, 0x24e00000, 0x24e00000)
   the space 349568K,  99% used [0x0f8a0000, 0x24dfffd8, 0x24e00000, 0x24e00000)
 Metaspace       used 25760K, capacity 26306K, committed 26368K, reserved 27008K
Event: 14734.544 GC heap after
Heap after GC invocations=148 (full 52):
 def new generation   total 157248K, used 157244K [0x04e00000, 0x0f8a0000, 0x0f8a0000)
  eden space 139776K, 100% used [0x04e00000, 0x0d680000, 0x0d680000)
  from space 17472K,  99% used [0x0e790000, 0x0f89f360, 0x0f8a0000)
  to   space 17472K,   0% used [0x0d680000, 0x0d680000, 0x0e790000)
 tenured generation   total 349568K, used 349567K [0x0f8a0000, 0x24e00000, 0x24e00000)
   the space 349568K,  99% used [0x0f8a0000, 0x24dfffd8, 0x24e00000, 0x24e00000)
 Metaspace       used 25760K, capacity 26306K, committed 26368K, reserved 27008K
}
Event: 14734.545 GC heap before
{Heap before GC invocations=148 (full 52):
 def new generation   total 157248K, used 157247K [0x04e00000, 0x0f8a0000, 0x0f8a0000)
  eden space 139776K, 100% used [0x04e00000, 0x0d680000, 0x0d680000)
  from space 17472K,  99% used [0x0e790000, 0x0f89ff58, 0x0f8a0000)
  to   space 17472K,   0% used [0x0d680000, 0x0d680000, 0x0e790000)
 tenured generation   total 349568K, used 349567K [0x0f8a0000, 0x24e00000, 0x24e00000)
   the space 349568K,  99% used [0x0f8a0000, 0x24dfffd8, 0x24e00000, 0x24e00000)
 Metaspace       used 25760K, capacity 26306K, committed 26368K, reserved 27008K
Event: 14735.225 GC heap after
Heap after GC invocations=149 (full 53):
 def new generation   total 157248K, used 157244K [0x04e00000, 0x0f8a0000, 0x0f8a0000)
  eden space 139776K, 100% used [0x04e00000, 0x0d680000, 0x0d680000)
  from space 17472K,  99% used [0x0e790000, 0x0f89f370, 0x0f8a0000)
  to   space 17472K,   0% used [0x0d680000, 0x0d680000, 0x0e790000)
 tenured generation   total 349568K, used 349567K [0x0f8a0000, 0x24e00000, 0x24e00000)
   the space 349568K,  99% used [0x0f8a0000, 0x24dfffd8, 0x24e00000, 0x24e00000)
 Metaspace       used 25760K, capacity 26306K, committed 26368K, reserved 27008K
}
Event: 14735.226 GC heap before
{Heap before GC invocations=149 (full 53):
 def new generation   total 157248K, used 157247K [0x04e00000, 0x0f8a0000, 0x0f8a0000)
  eden space 139776K, 100% used [0x04e00000, 0x0d680000, 0x0d680000)
  from space 17472K,  99% used [0x0e790000, 0x0f89ffe0, 0x0f8a0000)
  to   space 17472K,   0% used [0x0d680000, 0x0d680000, 0x0e790000)
 tenured generation   total 349568K, used 349567K [0x0f8a0000, 0x24e00000, 0x24e00000)
   the space 349568K,  99% used [0x0f8a0000, 0x24dfffd8, 0x24e00000, 0x24e00000)
 Metaspace       used 25760K, capacity 26306K, committed 26368K, reserved 27008K
Event: 14735.944 GC heap after
Heap after GC invocations=150 (full 54):
 def new generation   total 157248K, used 157218K [0x04e00000, 0x0f8a0000, 0x0f8a0000)
  eden space 139776K, 100% used [0x04e00000, 0x0d680000, 0x0d680000)
  from space 17472K,  99% used [0x0e790000, 0x0f898aa8, 0x0f8a0000)
  to   space 17472K,   0% used [0x0d680000, 0x0d680000, 0x0e790000)
 tenured generation   total 349568K, used 349567K [0x0f8a0000, 0x24e00000, 0x24e00000)
   the space 349568K,  99% used [0x0f8a0000, 0x24dfffd8, 0x24e00000, 0x24e00000)
 Metaspace       used 25760K, capacity 26306K, committed 26368K, reserved 27008K
}
Event: 14735.944 GC heap before
{Heap before GC invocations=150 (full 54):
 def new generation   total 157248K, used 157221K [0x04e00000, 0x0f8a0000, 0x0f8a0000)
  eden space 139776K, 100% used [0x04e00000, 0x0d680000, 0x0d680000)
  from space 17472K,  99% used [0x0e790000, 0x0f899430, 0x0f8a0000)
  to   space 17472K,   0% used [0x0d680000, 0x0d680000, 0x0e790000)
 tenured generation   total 349568K, used 349567K [0x0f8a0000, 0x24e00000, 0x24e00000)
   the space 349568K,  99% used [0x0f8a0000, 0x24dfffd8, 0x24e00000, 0x24e00000)
 Metaspace       used 25760K, capacity 26306K, committed 26368K, reserved 27008K
Event: 14736.663 GC heap after
Heap after GC invocations=151 (full 55):
 def new generation   total 157248K, used 157218K [0x04e00000, 0x0f8a0000, 0x0f8a0000)
  eden space 139776K, 100% used [0x04e00000, 0x0d680000, 0x0d680000)
  from space 17472K,  99% used [0x0e790000, 0x0f898b00, 0x0f8a0000)
  to   space 17472K,   0% used [0x0d680000, 0x0d680000, 0x0e790000)
 tenured generation   total 349568K, used 349567K [0x0f8a0000, 0x24e00000, 0x24e00000)
   the space 349568K,  99% used [0x0f8a0000, 0x24dfffd8, 0x24e00000, 0x24e00000)
 Metaspace       used 25760K, capacity 26306K, committed 26368K, reserved 27008K
}
Event: 14736.663 GC heap before
{Heap before GC invocations=151 (full 55):
 def new generation   total 157248K, used 157218K [0x04e00000, 0x0f8a0000, 0x0f8a0000)
  eden space 139776K, 100% used [0x04e00000, 0x0d680000, 0x0d680000)
  from space 17472K,  99% used [0x0e790000, 0x0f898b00, 0x0f8a0000)
  to   space 17472K,   0% used [0x0d680000, 0x0d680000, 0x0e790000)
 tenured generation   total 349568K, used 349567K [0x0f8a0000, 0x24e00000, 0x24e00000)
   the space 349568K,  99% used [0x0f8a0000, 0x24dfffd8, 0x24e00000, 0x24e00000)
 Metaspace       used 25760K, capacity 26306K, committed 26368K, reserved 27008K
Event: 14737.405 GC heap after
Heap after GC invocations=152 (full 56):
 def new generation   total 157248K, used 157218K [0x04e00000, 0x0f8a0000, 0x0f8a0000)
  eden space 139776K, 100% used [0x04e00000, 0x0d680000, 0x0d680000)
  from space 17472K,  99% used [0x0e790000, 0x0f898b00, 0x0f8a0000)
  to   space 17472K,   0% used [0x0d680000, 0x0d680000, 0x0e790000)
 tenured generation   total 349568K, used 349567K [0x0f8a0000, 0x24e00000, 0x24e00000)
   the space 349568K,  99% used [0x0f8a0000, 0x24dfffd8, 0x24e00000, 0x24e00000)
 Metaspace       used 25760K, capacity 26306K, committed 26368K, reserved 27008K
}

Deoptimization events (0 events):
No events

Classes redefined (0 events):
No events

Internal exceptions (10 events):
Event: 14655.681 Thread 0x26a0fc00 Exception <a 'sun/nio/fs/WindowsException'> (0x0c3bb0d0) thrown at [C:\workspace\8-2-build-windows-i586-cygwin\jdk8u191\11896\hotspot\src\share\vm\prims\jni.cpp, line 709]
Event: 14655.683 Thread 0x26a0fc00 Exception <a 'sun/nio/fs/WindowsException'> (0x0c3c6038) thrown at [C:\workspace\8-2-build-windows-i586-cygwin\jdk8u191\11896\hotspot\src\share\vm\prims\jni.cpp, line 709]
Event: 14655.683 Thread 0x26a0fc00 Exception <a 'sun/nio/fs/WindowsException'> (0x0c3c6690) thrown at [C:\workspace\8-2-build-windows-i586-cygwin\jdk8u191\11896\hotspot\src\share\vm\prims\jni.cpp, line 709]
Event: 14655.698 Thread 0x26a0fc00 Exception <a 'sun/nio/fs/WindowsException'> (0x0c3d23c0) thrown at [C:\workspace\8-2-build-windows-i586-cygwin\jdk8u191\11896\hotspot\src\share\vm\prims\jni.cpp, line 709]
Event: 14655.698 Thread 0x26a0fc00 Exception <a 'sun/nio/fs/WindowsException'> (0x0c3d29c8) thrown at [C:\workspace\8-2-build-windows-i586-cygwin\jdk8u191\11896\hotspot\src\share\vm\prims\jni.cpp, line 709]
Event: 14655.705 Thread 0x26a0fc00 Exception <a 'sun/nio/fs/WindowsException'> (0x0c3e64e8) thrown at [C:\workspace\8-2-build-windows-i586-cygwin\jdk8u191\11896\hotspot\src\share\vm\prims\jni.cpp, line 709]
Event: 14655.705 Thread 0x26a0fc00 Exception <a 'sun/nio/fs/WindowsException'> (0x0c3e6b90) thrown at [C:\workspace\8-2-build-windows-i586-cygwin\jdk8u191\11896\hotspot\src\share\vm\prims\jni.cpp, line 709]
Event: 14655.707 Thread 0x26a0fc00 Exception <a 'sun/nio/fs/WindowsException'> (0x0c3f6890) thrown at [C:\workspace\8-2-build-windows-i586-cygwin\jdk8u191\11896\hotspot\src\share\vm\prims\jni.cpp, line 709]
Event: 14655.708 Thread 0x26a0fc00 Exception <a 'sun/nio/fs/WindowsException'> (0x0c3f6e60) thrown at [C:\workspace\8-2-build-windows-i586-cygwin\jdk8u191\11896\hotspot\src\share\vm\prims\jni.cpp, line 709]
Event: 14737.405 Thread 0x26a0e800 Exception <a 'java/lang/OutOfMemoryError'> (0x0f930de0) thrown at [C:\workspace\8-2-build-windows-i586-cygwin\jdk8u191\11896\hotspot\src\share\vm\gc_interface/collectedHeap.inline.hpp, line 159]

Events (10 events):
Event: 14733.861 Executing VM operation: GenCollectForAllocation done
Event: 14733.861 Executing VM operation: GenCollectForAllocation
Event: 14734.544 Executing VM operation: GenCollectForAllocation done
Event: 14734.544 Executing VM operation: GenCollectForAllocation
Event: 14735.225 Executing VM operation: GenCollectForAllocation done
Event: 14735.226 Executing VM operation: GenCollectForAllocation
Event: 14735.944 Executing VM operation: GenCollectForAllocation done
Event: 14735.944 Executing VM operation: GenCollectForAllocation
Event: 14737.405 Executing VM operation: GenCollectForAllocation done
Event: 14737.405 Executing VM operation: GenCollectForAllocation


Dynamic libraries:
0x00ff0000 - 0x01023000 	C:\Program Files (x86)\Arduino\java\bin\javaw.exe
0x774b0000 - 0x77653000 	C:\WINDOWS\SYSTEM32\ntdll.dll
0x773b0000 - 0x774a0000 	C:\WINDOWS\System32\KERNEL32.DLL
0x75a20000 - 0x75c34000 	C:\WINDOWS\System32\KERNELBASE.dll
0x77330000 - 0x773aa000 	C:\WINDOWS\System32\ADVAPI32.dll
0x75db0000 - 0x75e6f000 	C:\WINDOWS\System32\msvcrt.dll
0x76420000 - 0x76496000 	C:\WINDOWS\System32\sechost.dll
0x757b0000 - 0x75870000 	C:\WINDOWS\System32\RPCRT4.dll
0x76de0000 - 0x76f76000 	C:\WINDOWS\System32\USER32.dll
0x75c40000 - 0x75c58000 	C:\WINDOWS\System32\win32u.dll
0x77110000 - 0x77133000 	C:\WINDOWS\System32\GDI32.dll
0x76050000 - 0x7612c000 	C:\WINDOWS\System32\gdi32full.dll
0x76f80000 - 0x76ffb000 	C:\WINDOWS\System32\msvcp_win.dll
0x75900000 - 0x75a20000 	C:\WINDOWS\System32\ucrtbase.dll
0x708e0000 - 0x70af2000 	C:\WINDOWS\WinSxS\x86_microsoft.windows.common-controls_6595b64144ccf1df_6.0.19041.746_none_11afeb8d2fff49aa\COMCTL32.dll
0x772a0000 - 0x772c5000 	C:\WINDOWS\System32\IMM32.DLL
0x61920000 - 0x619df000 	C:\Program Files (x86)\Arduino\java\bin\msvcr100.dll
0x61540000 - 0x61913000 	C:\Program Files (x86)\Arduino\java\bin\client\jvm.dll
0x75870000 - 0x75876000 	C:\WINDOWS\System32\PSAPI.DLL
0x75320000 - 0x75328000 	C:\WINDOWS\SYSTEM32\VERSION.dll
0x745a0000 - 0x745c8000 	C:\WINDOWS\SYSTEM32\WINMM.dll
0x74570000 - 0x74578000 	C:\WINDOWS\SYSTEM32\WSOCK32.dll
0x770a0000 - 0x77103000 	C:\WINDOWS\System32\WS2_32.dll
0x65290000 - 0x652c0000 	C:\Program Files (x86)\Arduino\java\bin\splashscreen.dll
0x71160000 - 0x711d4000 	C:\WINDOWS\system32\uxtheme.dll
0x76590000 - 0x76812000 	C:\WINDOWS\System32\combase.dll
0x65280000 - 0x6528c000 	C:\Program Files (x86)\Arduino\java\bin\verify.dll
0x75cd0000 - 0x75da4000 	C:\WINDOWS\System32\MSCTF.dll
0x77000000 - 0x77096000 	C:\WINDOWS\System32\OLEAUT32.dll
0x65250000 - 0x65272000 	C:\Program Files (x86)\Arduino\java\bin\java.dll
0x65230000 - 0x65244000 	C:\Program Files (x86)\Arduino\java\bin\zip.dll
0x73900000 - 0x7390f000 	C:\WINDOWS\SYSTEM32\kernel.appcore.dll
0x75c70000 - 0x75ccd000 	C:\WINDOWS\System32\bcryptPrimitives.dll
0x68250000 - 0x6830a000 	C:\WINDOWS\SYSTEM32\textinputframework.dll
0x67f30000 - 0x67fcb000 	C:\WINDOWS\System32\CoreMessaging.dll
0x67fd0000 - 0x6824e000 	C:\WINDOWS\System32\CoreUIComponents.dll
0x76350000 - 0x763d7000 	C:\WINDOWS\System32\SHCORE.dll
0x73910000 - 0x73939000 	C:\WINDOWS\SYSTEM32\ntmarta.dll
0x67e50000 - 0x67f2b000 	C:\WINDOWS\SYSTEM32\wintypes.dll
0x76820000 - 0x76dd4000 	C:\WINDOWS\System32\SHELL32.dll
0x73a40000 - 0x74049000 	C:\WINDOWS\SYSTEM32\windows.storage.dll
0x73970000 - 0x73994000 	C:\WINDOWS\SYSTEM32\Wldp.dll
0x75e70000 - 0x75eb5000 	C:\WINDOWS\System32\shlwapi.dll
0x73940000 - 0x7395d000 	C:\WINDOWS\SYSTEM32\profapi.dll
0x764a0000 - 0x76583000 	C:\WINDOWS\System32\ole32.dll
0x75880000 - 0x758fe000 	C:\WINDOWS\System32\clbcatq.dll
0x26ba0000 - 0x26c13000 	C:\Program Files (x86)\Arduino\lib\listSerialsj.dll
0x75370000 - 0x757a4000 	C:\WINDOWS\System32\SETUPAPI.dll
0x76310000 - 0x7634b000 	C:\WINDOWS\System32\cfgmgr32.dll
0x76400000 - 0x76419000 	C:\WINDOWS\System32\bcrypt.dll
0x651d0000 - 0x651ed000 	C:\Program Files (x86)\Arduino\lib\jnidispatch-4.2.2-win32-x86.dll
0x651b0000 - 0x651c5000 	C:\Program Files (x86)\Arduino\java\bin\net.dll
0x739a0000 - 0x739f2000 	C:\WINDOWS\system32\mswsock.dll
0x651a0000 - 0x651af000 	C:\Program Files (x86)\Arduino\java\bin\nio.dll
0x613f0000 - 0x61537000 	C:\Program Files (x86)\Arduino\java\bin\awt.dll
0x61350000 - 0x613ef000 	C:\WINDOWS\SYSTEM32\apphelp.dll
0x70400000 - 0x70426000 	C:\WINDOWS\system32\DWMAPI.DLL
0x61310000 - 0x61349000 	C:\Program Files (x86)\Arduino\java\bin\fontmanager.dll
0x61200000 - 0x61303000 	C:\WINDOWS\system32\opengl32.dll
0x611c0000 - 0x611ff000 	C:\WINDOWS\SYSTEM32\GLU32.dll
0x61180000 - 0x611b2000 	C:\Program Files (x86)\Arduino\java\bin\t2k.dll
0x65190000 - 0x6519a000 	C:\Program Files (x86)\Arduino\java\bin\management.dll
0x70dd0000 - 0x70de1000 	C:\WINDOWS\system32\napinsp.dll
0x70db0000 - 0x70dc6000 	C:\WINDOWS\system32\pnrpnsp.dll
0x70da0000 - 0x70db0000 	C:\WINDOWS\system32\wshbth.dll
0x70d80000 - 0x70d96000 	C:\WINDOWS\system32\NLAapi.dll
0x752d0000 - 0x75302000 	C:\WINDOWS\SYSTEM32\IPHLPAPI.DLL
0x747f0000 - 0x74882000 	C:\WINDOWS\SYSTEM32\DNSAPI.dll
0x75c60000 - 0x75c67000 	C:\WINDOWS\System32\NSI.dll
0x70d70000 - 0x70d7e000 	C:\WINDOWS\System32\winrnr.dll
0x73740000 - 0x73798000 	C:\WINDOWS\System32\fwpuclnt.dll
0x737a0000 - 0x737a8000 	C:\Windows\System32\rasadhlp.dll
0x73a20000 - 0x73a34000 	C:\WINDOWS\SYSTEM32\dhcpcsvc6.DLL
0x73a00000 - 0x73a16000 	C:\WINDOWS\SYSTEM32\dhcpcsvc.DLL
0x73640000 - 0x73653000 	C:\WINDOWS\SYSTEM32\CRYPTSP.dll
0x73610000 - 0x7363f000 	C:\WINDOWS\system32\rsaenh.dll
0x75330000 - 0x75355000 	C:\WINDOWS\SYSTEM32\USERENV.dll
0x73600000 - 0x7360a000 	C:\WINDOWS\SYSTEM32\CRYPTBASE.dll
0x61110000 - 0x61179000 	C:\Program Files (x86)\Arduino\msvcp100.dll
0x61050000 - 0x6110e000 	C:\Program Files (x86)\Arduino\msvcr100.dll
0x288d0000 - 0x28902000 	C:\Program Files (x86)\Arduino\lib\AStylej.dll
0x61020000 - 0x61044000 	C:\Program Files (x86)\Arduino\java\bin\dcpr.dll
0x70110000 - 0x70280000 	C:\WINDOWS\SYSTEM32\WindowsCodecs.dll
0x664f0000 - 0x66521000 	C:\WINDOWS\system32\dataexchange.dll
0x6ee70000 - 0x6f050000 	C:\WINDOWS\system32\d3d11.dll
0x66380000 - 0x664e5000 	C:\WINDOWS\system32\dcomp.dll
0x70040000 - 0x70102000 	C:\WINDOWS\system32\dxgi.dll
0x661f0000 - 0x6637f000 	C:\WINDOWS\system32\twinapi.appcore.dll
0x65170000 - 0x65190000 	C:\Program Files (x86)\Arduino\java\bin\sunec.dll
0x60970000 - 0x60979000 	C:\Program Files (x86)\Arduino\java\bin\sunmscapi.dll
0x75f50000 - 0x7604a000 	C:\WINDOWS\System32\CRYPT32.dll
0x744f0000 - 0x74514000 	C:\WINDOWS\SYSTEM32\DEVOBJ.dll
0x77250000 - 0x77297000 	C:\WINDOWS\System32\WINTRUST.dll
0x73960000 - 0x7396e000 	C:\WINDOWS\SYSTEM32\MSASN1.dll
0x64000000 - 0x6401b000 	C:\Program Files (x86)\Arduino\lib\jSSC-2.8_x86.dll
0x60da0000 - 0x60dbb000 	C:\WINDOWS\SYSTEM32\edputil.dll
0x71210000 - 0x71398000 	C:\WINDOWS\SYSTEM32\dbghelp.dll

VM Arguments:
jvm_args: -Dsun.java2d.d3d=false -Djna.nosys=true -Djna.nounpack=true -Djna.boot.library.name=jnidispatch-4.2.2-win32-x86 -Djna.boot.library.path=C:\Program Files (x86)\Arduino/lib -Djssc.library.path=C:\Program Files (x86)\Arduino/lib -DAPP_DIR=C:\Program Files (x86)\Arduino -Xms128M -Xmx512M -Dfile.encoding=UTF8 -Djava.net.preferIPv4Stack=true 
java_command: processing.app.Base C:\Users\chaob\OneDrive\Desktop\Epic_SPOCS\Epic_SPOCS.ino
java_class_path (initial): C:\Program Files (x86)\Arduino\lib\apple.jar;C:\Program Files (x86)\Arduino\lib\arduino-core.jar;C:\Program Files (x86)\Arduino\lib\batik-1.8.jar;C:\Program Files (x86)\Arduino\lib\batik-anim-1.8.jar;C:\Program Files (x86)\Arduino\lib\batik-awt-util-1.8.jar;C:\Program Files (x86)\Arduino\lib\batik-bridge-1.8.jar;C:\Program Files (x86)\Arduino\lib\batik-codec-1.8.jar;C:\Program Files (x86)\Arduino\lib\batik-css-1.8.jar;C:\Program Files (x86)\Arduino\lib\batik-dom-1.8.jar;C:\Program Files (x86)\Arduino\lib\batik-ext-1.8.jar;C:\Program Files (x86)\Arduino\lib\batik-gvt-1.8.jar;C:\Program Files (x86)\Arduino\lib\batik-parser-1.8.jar;C:\Program Files (x86)\Arduino\lib\batik-rasterizer-1.8.jar;C:\Program Files (x86)\Arduino\lib\batik-script-1.8.jar;C:\Program Files (x86)\Arduino\lib\batik-squiggle-1.8.jar;C:\Program Files (x86)\Arduino\lib\batik-svg-dom-1.8.jar;C:\Program Files (x86)\Arduino\lib\batik-svgpp-1.8.jar;C:\Program Files (x86)\Arduino\lib\batik-transcoder-1.8.jar;C:\Program Files (x86)\Arduino\lib\batik-util-1.8.jar;C:\Program Files (x86)\Arduino\lib\batik-xml-1.8.jar;C:\Program Files (x86)\Arduino\lib\bcpg-jdk15on-152.jar;C:\Program Files (x86)\Arduino\lib\bcprov-jdk15on-152.jar;C:\Program Files (x86)\Arduino\lib\commons-codec-1.7.jar;C:\Program Files (x86)\Arduino\lib\commons-compress-1.8.jar;C:\Program Files (x86)\Arduino\lib\commons-exec-1.1.jar;C:\Program Files (x86)\Arduino\lib\commons-httpclient-3.1.jar;C:\Program Files (x86)\Arduino\lib\commons-lang3-3.8.1.jar;C:\Program Files (x86)\Arduino\lib\commons-logging-1.0.4.jar;C:\Program Files (x86)\Arduino\lib\commons-net-3.3.jar;C:\Program Files (x86)\Arduino\lib\commons-io-2.6.jar;C:\Program Files (x86)\Arduino\lib\jackson-annotations-2.9.5.jar;C:\Program Files (x86)\Arduino\lib\jackson-core-2.9.5.jar;C:\Program Files (x86)\Arduino\lib\jackson-databind-2.9.5.jar;C:\Program Files (x86)\Arduino\lib\java-semver-0.8.0.jar;C:\Program Files (x86)\Arduino\lib\jmdns-3.5.5.jar;C:\Program
Launcher Type: SUN_STANDARD

Environment Variables:
JAVA_HOME=C:\Program Files\Java\jdk-13.0.2
PATH=C:\Program Files (x86)\VMware\VMware Workstation\bin\;C:\Program Files (x86)\Common Files\Oracle\Java\javapath;C:\Program Files\AdoptOpenJDK\jdk-11.0.6.10-hotspot\bin;C:\WINDOWS\system32;C:\WINDOWS;C:\WINDOWS\System32\Wbem;C:\WINDOWS\System32\WindowsPowerShell\v1.0\;C:\WINDOWS\System32\OpenSSH\;C:\Program Files\dotnet\;C:\Program Files\Microsoft SQL Server\Client SDK\ODBC\170\Tools\Binn\;C:\Program Files (x86)\Microsoft SQL Server\150\Tools\Binn\;C:\Program Files\Microsoft SQL Server\150\Tools\Binn\;C:\Program Files\Microsoft SQL Server\150\DTS\Binn\;C:\Program Files (x86)\Microsoft SQL Server\150\DTS\Binn\;C:\Program Files\Java\jdk-13.0.2\bin;C:\Program Files\nodejs\;C:\Users\chaob\AppData\Local\Microsoft\WindowsApps;D:\Microsoft VS Code\bin;C:\Users\chaob\AppData\Roaming\npm;C:\Users\chaob\AppData\Local\GitHubDesktop\bin;C:\Program Files (x86)\Arduino\java\bin
USERNAME=chaob
OS=Windows_NT
PROCESSOR_IDENTIFIER=Intel64 Family 6 Model 78 Stepping 3, GenuineIntel



---------------  S Y S T E M  ---------------

OS: Windows 10.0 , 64 bit Build 19041 (10.0.19041.662)

CPU:total 4 (initial active 4) (2 cores per cpu, 2 threads per core) family 6 model 78 stepping 3, cmov, cx8, fxsr, mmx, sse, sse2, sse3, ssse3, sse4.1, sse4.2, popcnt, avx, avx2, aes, clmul, erms, 3dnowpref, lzcnt, ht, tsc, tscinvbit, bmi1, bmi2, adx

Memory: 4k page, physical 4055320k(453856k free), swap 8249624k(2753228k free)

vm_info: Java HotSpot(TM) Client VM (25.191-b12) for windows-x86 JRE (1.8.0_191-b12), built on Oct  6 2018 08:34:23 by "java_re" with MS VC++ 10.0 (VS2010)

time: Fri Jan 15 13:55:06 2021
elapsed time: 14737 seconds (0d 4h 5m 37s)

